{
  "RSpec": {
    "coverage": {
      "/Users/astarte/MAcourse/tech-tests/Bank/spec/account_spec.rb": [
        1,
        null,
        1,
        1,
        6,
        null,
        null,
        1,
        1,
        1,
        null,
        null,
        1,
        1,
        null,
        null,
        1,
        1,
        1,
        null,
        null,
        null,
        1,
        1,
        4,
        null,
        null,
        1,
        1,
        1,
        1,
        null,
        null,
        1,
        4,
        null,
        null,
        null
      ],
      "/Users/astarte/MAcourse/tech-tests/Bank/lib/account.rb": [
        1,
        null,
        1,
        null,
        1,
        7,
        null,
        null,
        1,
        3,
        null,
        null,
        1,
        1,
        null,
        null
      ]
    },
    "timestamp": 1504635115
  }
}
